<?xml version="1.0" encoding="UTF-8" ?>
<testsuite tests="34" failures="0" name="TestImportedGraph" time="1.223" errors="0" skipped="0">
  <properties>
[...]
</properties>
  <testcase classname="TestImportedGraph" name="testRemoveEdgeValid" time="0.128"/>
  <testcase classname="TestImportedGraph" name="testRemoveNodeValid" time="0.003"/>
  <testcase classname="TestImportedGraph" name="testRemoveEdgeInValid" time="0.001"/>
  <testcase classname="TestImportedGraph" name="testRemoveNodeInvalid" time="0.005"/>
  <testcase classname="TestImportedGraph" name="testParseGraph" time="0.004"/>
  <testcase classname="TestImportedGraph" name="testOutputDOTGraph" time="0.015"/>
  <testcase classname="TestImportedGraph" name="testOutputGraph" time="0.023"/>
  <testcase classname="TestImportedGraph" name="testDFSMultiplePaths" time="0.013"/>
  <testcase classname="TestImportedGraph" name="testToString" time="0.003"/>
  <testcase classname="TestImportedGraph" name="testOutputGraphicsFalsePath" time="0.003"/>
  <testcase classname="TestImportedGraph" name="testOutputDOTGraphFalse" time="0.003"/>
  <testcase classname="TestImportedGraph" name="testBFSValidOneBranch" time="0.004"/>
  <testcase classname="TestImportedGraph" name="testBFSValidImmediate" time="0.002"/>
  <testcase classname="TestImportedGraph" name="testDFSImmediate" time="0.001"/>
  <testcase classname="TestImportedGraph" name="testAddNodesValid" time="0.003"/>
  <testcase classname="TestImportedGraph" name="testBFSMultiplePaths" time="0.004"/>
  <testcase classname="TestImportedGraph" name="testOutputGraphicsFalseFormat" time="0.002"/>
  <testcase classname="TestImportedGraph" name="testRemoveNodesSemiValid" time="0.002"/>
  <testcase classname="TestImportedGraph" name="testDFSOneValidPath" time="0.005"/>
  <testcase classname="TestImportedGraph" name="testOutputGraphics" time="0.961"/>
  <testcase classname="TestImportedGraph" name="testDFSMiddle" time="0.003"/>
  <testcase classname="TestImportedGraph" name="testDFSNoPath" time="0.002"/>
  <testcase classname="TestImportedGraph" name="testParseGraphFalse" time="0.004"/>
  <testcase classname="TestImportedGraph" name="testAddEdgeValid" time="0.003"/>
  <testcase classname="TestImportedGraph" name="testDFSMiddlePath" time="0.003"/>
  <testcase classname="TestImportedGraph" name="testAddNodesSemiValid" time="0.003"/>
  <testcase classname="TestImportedGraph" name="testOutputGraphFalse" time="0.002"/>
  <testcase classname="TestImportedGraph" name="testDFSStraight" time="0.003"/>
  <testcase classname="TestImportedGraph" name="testBFSValidStriaght" time="0.002"/>
  <testcase classname="TestImportedGraph" name="testAddNodeValid" time="0.004"/>
  <testcase classname="TestImportedGraph" name="testBFSInvalid" time="0.002"/>
  <testcase classname="TestImportedGraph" name="testRemoveNodesValid" time="0.002"/>
  <testcase classname="TestImportedGraph" name="testAddEdgeInValid" time="0.002"/>
  <testcase classname="TestImportedGraph" name="testAddNodeInvalid" time="0.003"/>
</testsuite>